≡ƒî▒ Seeding new billing plans...
Γ¥î Seed error: PrismaClientValidationError: 
Invalid `prisma.plan.upsert()` invocation:

{
  where: {
    type: "FREE_DEMO"
  },
  update: {
    name: "Free Demo",
    type: "FREE_DEMO",
    slug: "free-demo",
    description: "2-day trial with basic features to test the platform",
    monthlyPrice: 0,
    yearlyPrice: 0,
    validityDays: 2,
    maxContacts: 1000,
    maxMessages: 100,
    maxMessagesPerMonth: 100,
    maxTeamMembers: 1,
    maxCampaigns: 1,
    maxCampaignsPerMonth: 1,
    maxChatbots: 0,
    maxTemplates: 2,
    maxWhatsAppAccounts: 1,
    maxAutomations: 0,
    maxApiCalls: 0,
    isActive: true,
    isRecommended: false,
    discount: 0,
    hasAdvancedAutomation: false,
    hasCampaignRetry: false,
    hasMobileApiAccess: false,
    supportLevel: "basic",
    features: [
      "100 messages",
      "1 campaign",
      "1,000 contacts",
      "Basic support",
      "2-day trial period"
    ]
  },
  create: {
    name: "Free Demo",
    type: "FREE_DEMO",
    slug: "free-demo",
    description: "2-day trial with basic features to test the platform",
    monthlyPrice: 0,
    yearlyPrice: 0,
    validityDays: 2,
    maxContacts: 1000,
    maxMessages: 100,
    maxMessagesPerMonth: 100,
    maxTeamMembers: 1,
    maxCampaigns: 1,
    maxCampaignsPerMonth: 1,
    maxChatbots: 0,
    maxTemplates: 2,
    maxWhatsAppAccounts: 1,
    maxAutomations: 0,
    maxApiCalls: 0,
    isActive: true,
    isRecommended: false,
    discount: 0,
    ~~~~~~~~
    hasAdvancedAutomation: false,
    hasCampaignRetry: false,
    hasMobileApiAccess: false,
    supportLevel: "basic",
    features: [
      "100 messages",
      "1 campaign",
      "1,000 contacts",
      "Basic support",
      "2-day trial period"
    ],
?   id?: String,
?   createdAt?: DateTime,
?   updatedAt?: DateTime,
?   subscriptions?: SubscriptionCreateNestedManyWithoutPlanInput
  }
}

Unknown argument `discount`. Available options are marked with ?.
    at wn (C:\Users\Sameer Thakur\wabmeta-backend\node_modules\@prisma\client\runtime\library.js:29:1363)
    at $n.handleRequestError (C:\Users\Sameer Thakur\wabmeta-backend\node_modules\@prisma\client\runtime\library.js:121:6958)
    at $n.handleAndLogRequestError (C:\Users\Sameer Thakur\wabmeta-backend\node_modules\@prisma\client\runtime\library.js:121:6623)
    at $n.request (C:\Users\Sameer Thakur\wabmeta-backend\node_modules\@prisma\client\runtime\library.js:121:6307)
    at async l (C:\Users\Sameer Thakur\wabmeta-backend\node_modules\@prisma\client\runtime\library.js:130:9633)
    at async main (C:\Users\Sameer Thakur\wabmeta-backend\prisma\seed-new-plans.ts:207:9) {
  clientVersion: '5.22.0'
}
